# JRE version: Java(TM) SE Runtime Environment (8.0_20-b26) (build 1.8.0_20-b26)
# Java VM: Java HotSpot(TM) 64-Bit Server VM (25.20-b23 mixed mode windows-amd64 compressed oops)
Heap:
 PSYoungGen      total 57344K, used 32509K [0x0000000780980000, 0x0000000784980000, 0x00000007c0000000)
  eden space 49152K, 66% used [0x0000000780980000,0x000000078293f790,0x0000000783980000)
  from space 8192K, 0% used [0x0000000783980000,0x0000000783980000,0x0000000784180000)
  to   space 8192K, 0% used [0x0000000784180000,0x0000000784180000,0x0000000784980000)
 ParOldGen       total 131072K, used 11257K [0x0000000701c00000, 0x0000000709c00000, 0x0000000780980000)
  object space 131072K, 8% used [0x0000000701c00000,0x00000007026fe6d0,0x0000000709c00000)
 Metaspace       used 19167K, capacity 19406K, committed 19712K, reserved 1067008K
  class space    used 2400K, capacity 2481K, committed 2560K, reserved 1048576K
GC Heap History (4 events):
Event: 4.035 GC heap before
{Heap before GC invocations=1 (full 0):
 PSYoungGen      total 57344K, used 34960K [0x0000000780980000, 0x0000000784980000, 0x00000007c0000000)
  eden space 49152K, 71% used [0x0000000780980000,0x0000000782ba40b8,0x0000000783980000)
  from space 8192K, 0% used [0x0000000784180000,0x0000000784180000,0x0000000784980000)
  to   space 8192K, 0% used [0x0000000783980000,0x0000000783980000,0x0000000784180000)
 ParOldGen       total 131072K, used 0K [0x0000000701c00000, 0x0000000709c00000, 0x0000000780980000)
  object space 131072K, 0% used [0x0000000701c00000,0x0000000701c00000,0x0000000709c00000)
 Metaspace       used 14042K, capacity 14258K, committed 14464K, reserved 1062912K
  class space    used 1849K, capacity 1901K, committed 1920K, reserved 1048576K
Event: 4.043 GC heap after
Heap after GC invocations=1 (full 0):
 PSYoungGen      total 57344K, used 8186K [0x0000000780980000, 0x0000000784980000, 0x00000007c0000000)
  eden space 49152K, 0% used [0x0000000780980000,0x0000000780980000,0x0000000783980000)
  from space 8192K, 99% used [0x0000000783980000,0x000000078417eb00,0x0000000784180000)
  to   space 8192K, 0% used [0x0000000784180000,0x0000000784180000,0x0000000784980000)
 ParOldGen       total 131072K, used 3105K [0x0000000701c00000, 0x0000000709c00000, 0x0000000780980000)
  object space 131072K, 2% used [0x0000000701c00000,0x0000000701f08670,0x0000000709c00000)
 Metaspace       used 14042K, capacity 14258K, committed 14464K, reserved 1062912K
  class space    used 1849K, capacity 1901K, committed 1920K, reserved 1048576K
}
Event: 4.043 GC heap before
{Heap before GC invocations=2 (full 1):
 PSYoungGen      total 57344K, used 8186K [0x0000000780980000, 0x0000000784980000, 0x00000007c0000000)
  eden space 49152K, 0% used [0x0000000780980000,0x0000000780980000,0x0000000783980000)
  from space 8192K, 99% used [0x0000000783980000,0x000000078417eb00,0x0000000784180000)
  to   space 8192K, 0% used [0x0000000784180000,0x0000000784180000,0x0000000784980000)
 ParOldGen       total 131072K, used 3105K [0x0000000701c00000, 0x0000000709c00000, 0x0000000780980000)
  object space 131072K, 2% used [0x0000000701c00000,0x0000000701f08670,0x0000000709c00000)
 Metaspace       used 14042K, capacity 14258K, committed 14464K, reserved 1062912K
  class space    used 1849K, capacity 1901K, committed 1920K, reserved 1048576K
Event: 4.070 GC heap after
Heap after GC invocations=2 (full 1):
 PSYoungGen      total 57344K, used 0K [0x0000000780980000, 0x0000000784980000, 0x00000007c0000000)
  eden space 49152K, 0% used [0x0000000780980000,0x0000000780980000,0x0000000783980000)
  from space 8192K, 0% used [0x0000000783980000,0x0000000783980000,0x0000000784180000)
  to   space 8192K, 0% used [0x0000000784180000,0x0000000784180000,0x0000000784980000)
 ParOldGen       total 131072K, used 11257K [0x0000000701c00000, 0x0000000709c00000, 0x0000000780980000)
  object space 131072K, 8% used [0x0000000701c00000,0x00000007026fe6d0,0x0000000709c00000)
 Metaspace       used 14041K, capacity 14256K, committed 14464K, reserved 1062912K
  class space    used 1848K, capacity 1900K, committed 1920K, reserved 1048576K
}

